app/build/intermediates/manifest_merge_blame_file/release/processReleaseMainManifest/manifest-merger-blame-release-report.txt
1<?xml version="1.0" encoding="utf-8"?>
2<manifest xmlns:android="http://schemas.android.com/apk/res/android"
3    package="com.moneymate.lite"
4    android:versionCode="3"
5    android:versionName="1.0.3" >
6
7    <uses-sdk
8        android:minSdkVersion="26"
9        android:targetSdkVersion="35" />
10
11    <uses-permission android:name="android.permission.INTERNET" />
11-->src\main\AndroidManifest.xml:4:5-67
11-->src\main\AndroidManifest.xml:4:22-64
12    <uses-permission android:name="android.permission.ACCESS_NETWORK_STATE" />
12-->[com.google.firebase:firebase-auth:23.0.0] AndroidManifest.xml:26:5-79
12-->[com.google.firebase:firebase-auth:23.0.0] AndroidManifest.xml:26:22-76
13    <uses-permission android:name="com.google.android.providers.gsf.permission.READ_GSERVICES" />
13-->[com.google.android.recaptcha:recaptcha:18.4.0] AndroidManifest.xml:9:5-98
13-->[com.google.android.recaptcha:recaptcha:18.4.0] AndroidManifest.xml:9:22-95
14
15    <permission
15-->[androidx.core:core:1.15.0] AndroidManifest.xml:22:5-24:47
16        android:name="com.moneymate.lite.DYNAMIC_RECEIVER_NOT_EXPORTED_PERMISSION"
16-->[androidx.core:core:1.15.0] AndroidManifest.xml:23:9-81
17        android:protectionLevel="signature" />
17-->[androidx.core:core:1.15.0] AndroidManifest.xml:24:9-44
18
19    <uses-permission android:name="com.moneymate.lite.DYNAMIC_RECEIVER_NOT_EXPORTED_PERMISSION" />
19-->[androidx.core:core:1.15.0] AndroidManifest.xml:26:5-97
19-->[androidx.core:core:1.15.0] AndroidManifest.xml:26:22-94
20
21    <application
21-->src\main\AndroidManifest.xml:6:5-24:19
22        android:name="com.moneymate.lite.MoneyMateLiteApp"
22-->src\main\AndroidManifest.xml:7:9-41
23        android:allowBackup="true"
23-->src\main\AndroidManifest.xml:8:9-35
24        android:appComponentFactory="androidx.core.app.CoreComponentFactory"
24-->[androidx.core:core:1.15.0] AndroidManifest.xml:28:18-86
25        android:extractNativeLibs="false"
26        android:icon="@mipmap/ic_launcher"
26-->src\main\AndroidManifest.xml:9:9-43
27        android:label="@string/app_name"
27-->src\main\AndroidManifest.xml:10:9-41
28        android:roundIcon="@mipmap/ic_launcher_round"
28-->src\main\AndroidManifest.xml:11:9-54
29        android:supportsRtl="true"
29-->src\main\AndroidManifest.xml:12:9-35
30        android:theme="@android:style/Theme.Material.NoActionBar" >
30-->src\main\AndroidManifest.xml:13:9-66
31        <activity
31-->src\main\AndroidManifest.xml:15:9-23:20
32            android:name="com.moneymate.lite.MainActivity"
32-->src\main\AndroidManifest.xml:16:13-41
33            android:exported="true"
33-->src\main\AndroidManifest.xml:17:13-36
34            android:theme="@android:style/Theme.Material.NoActionBar" >
34-->src\main\AndroidManifest.xml:18:13-70
35            <intent-filter>
35-->src\main\AndroidManifest.xml:19:13-22:29
36                <action android:name="android.intent.action.MAIN" />
36-->src\main\AndroidManifest.xml:20:17-69
36-->src\main\AndroidManifest.xml:20:25-66
37
38                <category android:name="android.intent.category.LAUNCHER" />
38-->src\main\AndroidManifest.xml:21:17-77
38-->src\main\AndroidManifest.xml:21:27-74
39            </intent-filter>
40        </activity>
41
42        <service
42-->[com.google.firebase:firebase-auth-ktx:23.0.0] AndroidManifest.xml:8:9-14:19
43            android:name="com.google.firebase.components.ComponentDiscoveryService"
43-->[com.google.firebase:firebase-auth-ktx:23.0.0] AndroidManifest.xml:9:13-84
44            android:directBootAware="true"
44-->[com.google.firebase:firebase-common:21.0.0] AndroidManifest.xml:32:13-43
45            android:exported="false" >
45-->[com.google.firebase:firebase-auth-ktx:23.0.0] AndroidManifest.xml:10:13-37
46            <meta-data
46-->[com.google.firebase:firebase-auth-ktx:23.0.0] AndroidManifest.xml:11:13-13:85
47                android:name="com.google.firebase.components:com.google.firebase.auth.ktx.FirebaseAuthLegacyRegistrar"
47-->[com.google.firebase:firebase-auth-ktx:23.0.0] AndroidManifest.xml:12:17-119
48                android:value="com.google.firebase.components.ComponentRegistrar" />
48-->[com.google.firebase:firebase-auth-ktx:23.0.0] AndroidManifest.xml:13:17-82
49            <meta-data
49-->[com.google.firebase:firebase-auth:23.0.0] AndroidManifest.xml:69:13-71:85
50                android:name="com.google.firebase.components:com.google.firebase.auth.FirebaseAuthRegistrar"
50-->[com.google.firebase:firebase-auth:23.0.0] AndroidManifest.xml:70:17-109
51                android:value="com.google.firebase.components.ComponentRegistrar" />
51-->[com.google.firebase:firebase-auth:23.0.0] AndroidManifest.xml:71:17-82
52            <meta-data
52-->[com.google.firebase:firebase-firestore-ktx:25.0.0] AndroidManifest.xml:12:13-14:85
53                android:name="com.google.firebase.components:com.google.firebase.firestore.ktx.FirebaseFirestoreLegacyRegistrar"
53-->[com.google.firebase:firebase-firestore-ktx:25.0.0] AndroidManifest.xml:13:17-129
54                android:value="com.google.firebase.components.ComponentRegistrar" />
54-->[com.google.firebase:firebase-firestore-ktx:25.0.0] AndroidManifest.xml:14:17-82
55            <meta-data
55-->[com.google.firebase:firebase-firestore:25.0.0] AndroidManifest.xml:17:13-19:85
56                android:name="com.google.firebase.components:com.google.firebase.firestore.FirebaseFirestoreKtxRegistrar"
56-->[com.google.firebase:firebase-firestore:25.0.0] AndroidManifest.xml:18:17-122
57                android:value="com.google.firebase.components.ComponentRegistrar" />
57-->[com.google.firebase:firebase-firestore:25.0.0] AndroidManifest.xml:19:17-82
58            <meta-data
58-->[com.google.firebase:firebase-firestore:25.0.0] AndroidManifest.xml:20:13-22:85
59                android:name="com.google.firebase.components:com.google.firebase.firestore.FirestoreRegistrar"
59-->[com.google.firebase:firebase-firestore:25.0.0] AndroidManifest.xml:21:17-111
60                android:value="com.google.firebase.components.ComponentRegistrar" />
60-->[com.google.firebase:firebase-firestore:25.0.0] AndroidManifest.xml:22:17-82
61            <meta-data
61-->[com.google.firebase:firebase-common-ktx:21.0.0] AndroidManifest.xml:12:13-14:85
62                android:name="com.google.firebase.components:com.google.firebase.ktx.FirebaseCommonLegacyRegistrar"
62-->[com.google.firebase:firebase-common-ktx:21.0.0] AndroidManifest.xml:13:17-116
63                android:value="com.google.firebase.components.ComponentRegistrar" />
63-->[com.google.firebase:firebase-common-ktx:21.0.0] AndroidManifest.xml:14:17-82
64            <meta-data
64-->[com.google.firebase:firebase-common:21.0.0] AndroidManifest.xml:35:13-37:85
65                android:name="com.google.firebase.components:com.google.firebase.FirebaseCommonKtxRegistrar"
65-->[com.google.firebase:firebase-common:21.0.0] AndroidManifest.xml:36:17-109
66                android:value="com.google.firebase.components.ComponentRegistrar" />
66-->[com.google.firebase:firebase-common:21.0.0] AndroidManifest.xml:37:17-82
67        </service>
68
69        <activity
69-->[com.google.firebase:firebase-auth:23.0.0] AndroidManifest.xml:29:9-46:20
70            android:name="com.google.firebase.auth.internal.GenericIdpActivity"
70-->[com.google.firebase:firebase-auth:23.0.0] AndroidManifest.xml:30:13-80
71            android:excludeFromRecents="true"
71-->[com.google.firebase:firebase-auth:23.0.0] AndroidManifest.xml:31:13-46
72            android:exported="true"
72-->[com.google.firebase:firebase-auth:23.0.0] AndroidManifest.xml:32:13-36
73            android:launchMode="singleTask"
73-->[com.google.firebase:firebase-auth:23.0.0] AndroidManifest.xml:33:13-44
74            android:theme="@android:style/Theme.Translucent.NoTitleBar" >
74-->[com.google.firebase:firebase-auth:23.0.0] AndroidManifest.xml:34:13-72
75            <intent-filter>
75-->[com.google.firebase:firebase-auth:23.0.0] AndroidManifest.xml:35:13-45:29
76                <action android:name="android.intent.action.VIEW" />
76-->[com.google.firebase:firebase-auth:23.0.0] AndroidManifest.xml:36:17-69
76-->[com.google.firebase:firebase-auth:23.0.0] AndroidManifest.xml:36:25-66
77
78                <category android:name="android.intent.category.DEFAULT" />
78-->[com.google.firebase:firebase-auth:23.0.0] AndroidManifest.xml:38:17-76
78-->[com.google.firebase:firebase-auth:23.0.0] AndroidManifest.xml:38:27-73
79                <category android:name="android.intent.category.BROWSABLE" />
79-->[com.google.firebase:firebase-auth:23.0.0] AndroidManifest.xml:39:17-78
79-->[com.google.firebase:firebase-auth:23.0.0] AndroidManifest.xml:39:27-75
80
81                <data
81-->[com.google.firebase:firebase-auth:23.0.0] AndroidManifest.xml:41:17-44:51
82                    android:host="firebase.auth"
82-->[com.google.firebase:firebase-auth:23.0.0] AndroidManifest.xml:42:21-49
83                    android:path="/"
83-->[com.google.firebase:firebase-auth:23.0.0] AndroidManifest.xml:43:21-37
84                    android:scheme="genericidp" />
84-->[com.google.firebase:firebase-auth:23.0.0] AndroidManifest.xml:44:21-48
85            </intent-filter>
86        </activity>
87        <activity
87-->[com.google.firebase:firebase-auth:23.0.0] AndroidManifest.xml:47:9-64:20
88            android:name="com.google.firebase.auth.internal.RecaptchaActivity"
88-->[com.google.firebase:firebase-auth:23.0.0] AndroidManifest.xml:48:13-79
89            android:excludeFromRecents="true"
89-->[com.google.firebase:firebase-auth:23.0.0] AndroidManifest.xml:49:13-46
90            android:exported="true"
90-->[com.google.firebase:firebase-auth:23.0.0] AndroidManifest.xml:50:13-36
91            android:launchMode="singleTask"
91-->[com.google.firebase:firebase-auth:23.0.0] AndroidManifest.xml:51:13-44
92            android:theme="@android:style/Theme.Translucent.NoTitleBar" >
92-->[com.google.firebase:firebase-auth:23.0.0] AndroidManifest.xml:52:13-72
93            <intent-filter>
93-->[com.google.firebase:firebase-auth:23.0.0] AndroidManifest.xml:53:13-63:29
94                <action android:name="android.intent.action.VIEW" />
94-->[com.google.firebase:firebase-auth:23.0.0] AndroidManifest.xml:36:17-69
94-->[com.google.firebase:firebase-auth:23.0.0] AndroidManifest.xml:36:25-66
95
96                <category android:name="android.intent.category.DEFAULT" />
96-->[com.google.firebase:firebase-auth:23.0.0] AndroidManifest.xml:38:17-76
96-->[com.google.firebase:firebase-auth:23.0.0] AndroidManifest.xml:38:27-73
97                <category android:name="android.intent.category.BROWSABLE" />
97-->[com.google.firebase:firebase-auth:23.0.0] AndroidManifest.xml:39:17-78
97-->[com.google.firebase:firebase-auth:23.0.0] AndroidManifest.xml:39:27-75
98
99                <data
99-->[com.google.firebase:firebase-auth:23.0.0] AndroidManifest.xml:41:17-44:51
100                    android:host="firebase.auth"
100-->[com.google.firebase:firebase-auth:23.0.0] AndroidManifest.xml:42:21-49
101                    android:path="/"
101-->[com.google.firebase:firebase-auth:23.0.0] AndroidManifest.xml:43:21-37
102                    android:scheme="recaptcha" />
102-->[com.google.firebase:firebase-auth:23.0.0] AndroidManifest.xml:44:21-48
103            </intent-filter>
104        </activity>
105
106        <service
106-->[androidx.credentials:credentials-play-services-auth:1.2.0-rc01] AndroidManifest.xml:24:9-32:19
107            android:name="androidx.credentials.playservices.CredentialProviderMetadataHolder"
107-->[androidx.credentials:credentials-play-services-auth:1.2.0-rc01] AndroidManifest.xml:25:13-94
108            android:enabled="true"
108-->[androidx.credentials:credentials-play-services-auth:1.2.0-rc01] AndroidManifest.xml:26:13-35
109            android:exported="false" >
109-->[androidx.credentials:credentials-play-services-auth:1.2.0-rc01] AndroidManifest.xml:27:13-37
110            <meta-data
110-->[androidx.credentials:credentials-play-services-auth:1.2.0-rc01] AndroidManifest.xml:29:13-31:104
111                android:name="androidx.credentials.CREDENTIAL_PROVIDER_KEY"
111-->[androidx.credentials:credentials-play-services-auth:1.2.0-rc01] AndroidManifest.xml:30:17-76
112                android:value="androidx.credentials.playservices.CredentialProviderPlayServicesImpl" />
112-->[androidx.credentials:credentials-play-services-auth:1.2.0-rc01] AndroidManifest.xml:31:17-101
113        </service>
114
115        <activity
115-->[androidx.credentials:credentials-play-services-auth:1.2.0-rc01] AndroidManifest.xml:34:9-41:20
116            android:name="androidx.credentials.playservices.HiddenActivity"
116-->[androidx.credentials:credentials-play-services-auth:1.2.0-rc01] AndroidManifest.xml:35:13-76
117            android:configChanges="orientation|screenSize|screenLayout|keyboardHidden"
117-->[androidx.credentials:credentials-play-services-auth:1.2.0-rc01] AndroidManifest.xml:36:13-87
118            android:enabled="true"
118-->[androidx.credentials:credentials-play-services-auth:1.2.0-rc01] AndroidManifest.xml:37:13-35
119            android:exported="false"
119-->[androidx.credentials:credentials-play-services-auth:1.2.0-rc01] AndroidManifest.xml:38:13-37
120            android:fitsSystemWindows="true"
120-->[androidx.credentials:credentials-play-services-auth:1.2.0-rc01] AndroidManifest.xml:39:13-45
121            android:theme="@style/Theme.Hidden" >
121-->[androidx.credentials:credentials-play-services-auth:1.2.0-rc01] AndroidManifest.xml:40:13-48
122        </activity>
123        <activity
123-->[com.google.android.gms:play-services-auth:21.2.0] AndroidManifest.xml:23:9-27:75
124            android:name="com.google.android.gms.auth.api.signin.internal.SignInHubActivity"
124-->[com.google.android.gms:play-services-auth:21.2.0] AndroidManifest.xml:24:13-93
125            android:excludeFromRecents="true"
125-->[com.google.android.gms:play-services-auth:21.2.0] AndroidManifest.xml:25:13-46
126            android:exported="false"
126-->[com.google.android.gms:play-services-auth:21.2.0] AndroidManifest.xml:26:13-37
127            android:theme="@android:style/Theme.Translucent.NoTitleBar" />
127-->[com.google.android.gms:play-services-auth:21.2.0] AndroidManifest.xml:27:13-72
128        <!--
129            Service handling Google Sign-In user revocation. For apps that do not integrate with
130            Google Sign-In, this service will never be started.
131        -->
132        <service
132-->[com.google.android.gms:play-services-auth:21.2.0] AndroidManifest.xml:33:9-37:51
133            android:name="com.google.android.gms.auth.api.signin.RevocationBoundService"
133-->[com.google.android.gms:play-services-auth:21.2.0] AndroidManifest.xml:34:13-89
134            android:exported="true"
134-->[com.google.android.gms:play-services-auth:21.2.0] AndroidManifest.xml:35:13-36
135            android:permission="com.google.android.gms.auth.api.signin.permission.REVOCATION_NOTIFICATION"
135-->[com.google.android.gms:play-services-auth:21.2.0] AndroidManifest.xml:36:13-107
136            android:visibleToInstantApps="true" />
136-->[com.google.android.gms:play-services-auth:21.2.0] AndroidManifest.xml:37:13-48
137
138        <activity
138-->[com.google.android.gms:play-services-base:18.3.0] AndroidManifest.xml:20:9-22:45
139            android:name="com.google.android.gms.common.api.GoogleApiActivity"
139-->[com.google.android.gms:play-services-base:18.3.0] AndroidManifest.xml:20:19-85
140            android:exported="false"
140-->[com.google.android.gms:play-services-base:18.3.0] AndroidManifest.xml:22:19-43
141            android:theme="@android:style/Theme.Translucent.NoTitleBar" />
141-->[com.google.android.gms:play-services-base:18.3.0] AndroidManifest.xml:21:19-78
142
143        <provider
143-->[com.google.firebase:firebase-common:21.0.0] AndroidManifest.xml:23:9-28:39
144            android:name="com.google.firebase.provider.FirebaseInitProvider"
144-->[com.google.firebase:firebase-common:21.0.0] AndroidManifest.xml:24:13-77
145            android:authorities="com.moneymate.lite.firebaseinitprovider"
145-->[com.google.firebase:firebase-common:21.0.0] AndroidManifest.xml:25:13-72
146            android:directBootAware="true"
146-->[com.google.firebase:firebase-common:21.0.0] AndroidManifest.xml:26:13-43
147            android:exported="false"
147-->[com.google.firebase:firebase-common:21.0.0] AndroidManifest.xml:27:13-37
148            android:initOrder="100" />
148-->[com.google.firebase:firebase-common:21.0.0] AndroidManifest.xml:28:13-36
149
150        <service
150-->[androidx.room:room-runtime:2.6.1] AndroidManifest.xml:24:9-28:63
151            android:name="androidx.room.MultiInstanceInvalidationService"
151-->[androidx.room:room-runtime:2.6.1] AndroidManifest.xml:25:13-74
152            android:directBootAware="true"
152-->[androidx.room:room-runtime:2.6.1] AndroidManifest.xml:26:13-43
153            android:exported="false" />
153-->[androidx.room:room-runtime:2.6.1] AndroidManifest.xml:27:13-37
154
155        <provider
155-->[androidx.emoji2:emoji2:1.3.0] AndroidManifest.xml:24:9-32:20
156            android:name="androidx.startup.InitializationProvider"
156-->[androidx.emoji2:emoji2:1.3.0] AndroidManifest.xml:25:13-67
157            android:authorities="com.moneymate.lite.androidx-startup"
157-->[androidx.emoji2:emoji2:1.3.0] AndroidManifest.xml:26:13-68
158            android:exported="false" >
158-->[androidx.emoji2:emoji2:1.3.0] AndroidManifest.xml:27:13-37
159            <meta-data
159-->[androidx.emoji2:emoji2:1.3.0] AndroidManifest.xml:29:13-31:52
160                android:name="androidx.emoji2.text.EmojiCompatInitializer"
160-->[androidx.emoji2:emoji2:1.3.0] AndroidManifest.xml:30:17-75
161                android:value="androidx.startup" />
161-->[androidx.emoji2:emoji2:1.3.0] AndroidManifest.xml:31:17-49
162            <meta-data
162-->[androidx.lifecycle:lifecycle-process:2.8.4] AndroidManifest.xml:29:13-31:52
163                android:name="androidx.lifecycle.ProcessLifecycleInitializer"
163-->[androidx.lifecycle:lifecycle-process:2.8.4] AndroidManifest.xml:30:17-78
164                android:value="androidx.startup" />
164-->[androidx.lifecycle:lifecycle-process:2.8.4] AndroidManifest.xml:31:17-49
165            <meta-data
165-->[androidx.profileinstaller:profileinstaller:1.3.1] AndroidManifest.xml:29:13-31:52
166                android:name="androidx.profileinstaller.ProfileInstallerInitializer"
166-->[androidx.profileinstaller:profileinstaller:1.3.1] AndroidManifest.xml:30:17-85
167                android:value="androidx.startup" />
167-->[androidx.profileinstaller:profileinstaller:1.3.1] AndroidManifest.xml:31:17-49
168        </provider>
169
170        <meta-data
170-->[com.google.android.gms:play-services-basement:18.3.0] AndroidManifest.xml:21:9-23:69
171            android:name="com.google.android.gms.version"
171-->[com.google.android.gms:play-services-basement:18.3.0] AndroidManifest.xml:22:13-58
172            android:value="@integer/google_play_services_version" />
172-->[com.google.android.gms:play-services-basement:18.3.0] AndroidManifest.xml:23:13-66
173
174        <receiver
174-->[androidx.profileinstaller:profileinstaller:1.3.1] AndroidManifest.xml:34:9-52:20
175            android:name="androidx.profileinstaller.ProfileInstallReceiver"
175-->[androidx.profileinstaller:profileinstaller:1.3.1] AndroidManifest.xml:35:13-76
176            android:directBootAware="false"
176-->[androidx.profileinstaller:profileinstaller:1.3.1] AndroidManifest.xml:36:13-44
177            android:enabled="true"
177-->[androidx.profileinstaller:profileinstaller:1.3.1] AndroidManifest.xml:37:13-35
178            android:exported="true"
178-->[androidx.profileinstaller:profileinstaller:1.3.1] AndroidManifest.xml:38:13-36
179            android:permission="android.permission.DUMP" >
179-->[androidx.profileinstaller:profileinstaller:1.3.1] AndroidManifest.xml:39:13-57
180            <intent-filter>
180-->[androidx.profileinstaller:profileinstaller:1.3.1] AndroidManifest.xml:40:13-42:29
181                <action android:name="androidx.profileinstaller.action.INSTALL_PROFILE" />
181-->[androidx.profileinstaller:profileinstaller:1.3.1] AndroidManifest.xml:41:17-91
181-->[androidx.profileinstaller:profileinstaller:1.3.1] AndroidManifest.xml:41:25-88
182            </intent-filter>
183            <intent-filter>
183-->[androidx.profileinstaller:profileinstaller:1.3.1] AndroidManifest.xml:43:13-45:29
184                <action android:name="androidx.profileinstaller.action.SKIP_FILE" />
184-->[androidx.profileinstaller:profileinstaller:1.3.1] AndroidManifest.xml:44:17-85
184-->[androidx.profileinstaller:profileinstaller:1.3.1] AndroidManifest.xml:44:25-82
185            </intent-filter>
186            <intent-filter>
186-->[androidx.profileinstaller:profileinstaller:1.3.1] AndroidManifest.xml:46:13-48:29
187                <action android:name="androidx.profileinstaller.action.SAVE_PROFILE" />
187-->[androidx.profileinstaller:profileinstaller:1.3.1] AndroidManifest.xml:47:17-88
187-->[androidx.profileinstaller:profileinstaller:1.3.1] AndroidManifest.xml:47:25-85
188            </intent-filter>
189            <intent-filter>
189-->[androidx.profileinstaller:profileinstaller:1.3.1] AndroidManifest.xml:49:13-51:29
190                <action android:name="androidx.profileinstaller.action.BENCHMARK_OPERATION" />
190-->[androidx.profileinstaller:profileinstaller:1.3.1] AndroidManifest.xml:50:17-95
190-->[androidx.profileinstaller:profileinstaller:1.3.1] AndroidManifest.xml:50:25-92
191            </intent-filter>
192        </receiver>
193    </application>
194
195</manifest>